app/build/intermediates/manifest_merge_blame_file/debug/manifest-merger-blame-debug-report.txt
1<?xml version="1.0" encoding="utf-8"?>
2<manifest xmlns:android="http://schemas.android.com/apk/res/android"
3    package="com.fbauthmobile"
4    android:versionCode="1"
5    android:versionName="1.0" >
6
7    <uses-sdk
8        android:minSdkVersion="23"
8-->src\main\AndroidManifest.xml
9        android:targetSdkVersion="28" />
9-->src\main\AndroidManifest.xml
10
11    <uses-permission android:name="android.permission.INTERNET" />
11-->src\main\AndroidManifest.xml:4:1-62
11-->src\main\AndroidManifest.xml:4:18-60
12    <uses-permission android:name="android.permission.ACCESS_WIFI_STATE" />
12-->src\main\AndroidManifest.xml:5:5-75
12-->src\main\AndroidManifest.xml:5:22-73
13    <uses-permission android:name="android.permission.ACCESS_NETWORK_STATE" />
13-->[com.google.android.gms:play-services-measurement-api:17.0.0] AndroidManifest.xml:23:5-79
13-->[com.google.android.gms:play-services-measurement-api:17.0.0] AndroidManifest.xml:23:22-76
14    <uses-permission android:name="android.permission.WAKE_LOCK" /> <!-- Required by older versions of Google Play services to create IID tokens -->
14-->[com.google.android.gms:play-services-measurement-api:17.0.0] AndroidManifest.xml:24:5-68
14-->[com.google.android.gms:play-services-measurement-api:17.0.0] AndroidManifest.xml:24:22-65
15    <uses-permission android:name="com.google.android.c2dm.permission.RECEIVE" />
15-->[com.google.firebase:firebase-iid:19.0.0] AndroidManifest.xml:26:5-82
15-->[com.google.firebase:firebase-iid:19.0.0] AndroidManifest.xml:26:22-79
16    <uses-permission android:name="com.google.android.finsky.permission.BIND_GET_INSTALL_REFERRER_SERVICE" />
16-->[com.google.android.gms:play-services-measurement:17.0.0] AndroidManifest.xml:26:5-110
16-->[com.google.android.gms:play-services-measurement:17.0.0] AndroidManifest.xml:26:22-107
17
18    <application
18-->src\main\AndroidManifest.xml:6:5-21:19
19        android:allowBackup="true"
19-->src\main\AndroidManifest.xml:7:9-35
20        android:appComponentFactory="androidx.core.app.CoreComponentFactory"
20-->[androidx.core:core:1.0.1] AndroidManifest.xml:22:18-86
21        android:debuggable="true"
22        android:extractNativeLibs="false"
23        android:icon="@mipmap/ic_launcher"
23-->src\main\AndroidManifest.xml:8:9-43
24        android:label="@string/app_name"
24-->src\main\AndroidManifest.xml:9:9-41
25        android:roundIcon="@mipmap/ic_launcher_round"
25-->src\main\AndroidManifest.xml:10:9-54
26        android:supportsRtl="true"
26-->src\main\AndroidManifest.xml:11:9-35
27        android:testOnly="true"
28        android:theme="@style/AppTheme" >
28-->src\main\AndroidManifest.xml:12:9-40
29        <activity android:name="com.fbauthmobile.Profile" />
29-->src\main\AndroidManifest.xml:13:9-54
29-->src\main\AndroidManifest.xml:13:19-42
30        <activity android:name="com.fbauthmobile.MainActivity" >
30-->src\main\AndroidManifest.xml:14:9-20:20
30-->src\main\AndroidManifest.xml:14:19-47
31            <intent-filter>
31-->src\main\AndroidManifest.xml:15:13-19:29
32                <action android:name="android.intent.action.MAIN" />
32-->src\main\AndroidManifest.xml:16:17-69
32-->src\main\AndroidManifest.xml:16:25-66
33
34                <category android:name="android.intent.category.LAUNCHER" />
34-->src\main\AndroidManifest.xml:18:17-77
34-->src\main\AndroidManifest.xml:18:27-74
35            </intent-filter>
36        </activity>
37        <activity
37-->[com.google.firebase:firebase-auth:18.0.0] AndroidManifest.xml:24:9-31:50
38            android:name="com.google.firebase.auth.internal.FederatedSignInActivity"
38-->[com.google.firebase:firebase-auth:18.0.0] AndroidManifest.xml:25:13-85
39            android:excludeFromRecents="true"
39-->[com.google.firebase:firebase-auth:18.0.0] AndroidManifest.xml:26:13-46
40            android:exported="true"
40-->[com.google.firebase:firebase-auth:18.0.0] AndroidManifest.xml:27:13-36
41            android:launchMode="singleTask"
41-->[com.google.firebase:firebase-auth:18.0.0] AndroidManifest.xml:28:13-44
42            android:permission="com.google.firebase.auth.api.gms.permission.LAUNCH_FEDERATED_SIGN_IN"
42-->[com.google.firebase:firebase-auth:18.0.0] AndroidManifest.xml:29:13-102
43            android:theme="@android:style/Theme.Translucent.NoTitleBar" />
43-->[com.google.firebase:firebase-auth:18.0.0] AndroidManifest.xml:30:13-72
44
45        <service
45-->[com.google.firebase:firebase-auth:18.0.0] AndroidManifest.xml:33:9-39:19
46            android:name="com.google.firebase.components.ComponentDiscoveryService"
46-->[com.google.firebase:firebase-auth:18.0.0] AndroidManifest.xml:34:13-84
47            android:exported="false" >
47-->[com.google.firebase:firebase-auth:18.0.0] AndroidManifest.xml:35:13-37
48            <meta-data
48-->[com.google.firebase:firebase-auth:18.0.0] AndroidManifest.xml:36:13-38:85
49                android:name="com.google.firebase.components:com.google.firebase.auth.FirebaseAuthRegistrar"
49-->[com.google.firebase:firebase-auth:18.0.0] AndroidManifest.xml:37:17-109
50                android:value="com.google.firebase.components.ComponentRegistrar" />
50-->[com.google.firebase:firebase-auth:18.0.0] AndroidManifest.xml:38:17-82
51            <meta-data
51-->[com.google.android.gms:play-services-measurement-api:17.0.0] AndroidManifest.xml:30:13-32:85
52                android:name="com.google.firebase.components:com.google.firebase.analytics.connector.internal.AnalyticsConnectorRegistrar"
52-->[com.google.android.gms:play-services-measurement-api:17.0.0] AndroidManifest.xml:31:17-139
53                android:value="com.google.firebase.components.ComponentRegistrar" />
53-->[com.google.android.gms:play-services-measurement-api:17.0.0] AndroidManifest.xml:32:17-82
54            <meta-data
54-->[com.google.firebase:firebase-iid:19.0.0] AndroidManifest.xml:32:13-34:85
55                android:name="com.google.firebase.components:com.google.firebase.iid.Registrar"
55-->[com.google.firebase:firebase-iid:19.0.0] AndroidManifest.xml:33:17-96
56                android:value="com.google.firebase.components.ComponentRegistrar" />
56-->[com.google.firebase:firebase-iid:19.0.0] AndroidManifest.xml:34:17-82
57        </service>
58
59        <receiver
59-->[com.google.firebase:firebase-iid:19.0.0] AndroidManifest.xml:37:9-44:20
60            android:name="com.google.firebase.iid.FirebaseInstanceIdReceiver"
60-->[com.google.firebase:firebase-iid:19.0.0] AndroidManifest.xml:38:13-78
61            android:exported="true"
61-->[com.google.firebase:firebase-iid:19.0.0] AndroidManifest.xml:39:13-36
62            android:permission="com.google.android.c2dm.permission.SEND" >
62-->[com.google.firebase:firebase-iid:19.0.0] AndroidManifest.xml:40:13-73
63            <intent-filter>
63-->[com.google.firebase:firebase-iid:19.0.0] AndroidManifest.xml:41:13-43:29
64                <action android:name="com.google.android.c2dm.intent.RECEIVE" />
64-->[com.google.firebase:firebase-iid:19.0.0] AndroidManifest.xml:42:17-81
64-->[com.google.firebase:firebase-iid:19.0.0] AndroidManifest.xml:42:25-78
65            </intent-filter>
66        </receiver>
67
68        <activity
68-->[com.google.android.gms:play-services-base:17.0.0] AndroidManifest.xml:23:9-26:75
69            android:name="com.google.android.gms.common.api.GoogleApiActivity"
69-->[com.google.android.gms:play-services-base:17.0.0] AndroidManifest.xml:24:13-79
70            android:exported="false"
70-->[com.google.android.gms:play-services-base:17.0.0] AndroidManifest.xml:25:13-37
71            android:theme="@android:style/Theme.Translucent.NoTitleBar" />
71-->[com.google.android.gms:play-services-base:17.0.0] AndroidManifest.xml:26:13-72
72
73        <provider
73-->[com.google.firebase:firebase-common:18.0.0] AndroidManifest.xml:12:9-16:39
74            android:name="com.google.firebase.provider.FirebaseInitProvider"
74-->[com.google.firebase:firebase-common:18.0.0] AndroidManifest.xml:13:13-77
75            android:authorities="com.fbauthmobile.firebaseinitprovider"
75-->[com.google.firebase:firebase-common:18.0.0] AndroidManifest.xml:14:13-72
76            android:exported="false"
76-->[com.google.firebase:firebase-common:18.0.0] AndroidManifest.xml:15:13-37
77            android:initOrder="100" />
77-->[com.google.firebase:firebase-common:18.0.0] AndroidManifest.xml:16:13-36
78
79        <receiver
79-->[com.google.android.gms:play-services-measurement:17.0.0] AndroidManifest.xml:29:9-33:20
80            android:name="com.google.android.gms.measurement.AppMeasurementReceiver"
80-->[com.google.android.gms:play-services-measurement:17.0.0] AndroidManifest.xml:30:13-85
81            android:enabled="true"
81-->[com.google.android.gms:play-services-measurement:17.0.0] AndroidManifest.xml:31:13-35
82            android:exported="false" >
82-->[com.google.android.gms:play-services-measurement:17.0.0] AndroidManifest.xml:32:13-37
83        </receiver>
84        <receiver
84-->[com.google.android.gms:play-services-measurement:17.0.0] AndroidManifest.xml:34:9-42:20
85            android:name="com.google.android.gms.measurement.AppMeasurementInstallReferrerReceiver"
85-->[com.google.android.gms:play-services-measurement:17.0.0] AndroidManifest.xml:35:13-100
86            android:enabled="true"
86-->[com.google.android.gms:play-services-measurement:17.0.0] AndroidManifest.xml:36:13-35
87            android:exported="true"
87-->[com.google.android.gms:play-services-measurement:17.0.0] AndroidManifest.xml:37:13-36
88            android:permission="android.permission.INSTALL_PACKAGES" >
88-->[com.google.android.gms:play-services-measurement:17.0.0] AndroidManifest.xml:38:13-69
89            <intent-filter>
89-->[com.google.android.gms:play-services-measurement:17.0.0] AndroidManifest.xml:39:13-41:29
90                <action android:name="com.android.vending.INSTALL_REFERRER" />
90-->[com.google.android.gms:play-services-measurement:17.0.0] AndroidManifest.xml:40:17-79
90-->[com.google.android.gms:play-services-measurement:17.0.0] AndroidManifest.xml:40:25-76
91            </intent-filter>
92        </receiver>
93
94        <service
94-->[com.google.android.gms:play-services-measurement:17.0.0] AndroidManifest.xml:44:9-47:40
95            android:name="com.google.android.gms.measurement.AppMeasurementService"
95-->[com.google.android.gms:play-services-measurement:17.0.0] AndroidManifest.xml:45:13-84
96            android:enabled="true"
96-->[com.google.android.gms:play-services-measurement:17.0.0] AndroidManifest.xml:46:13-35
97            android:exported="false" />
97-->[com.google.android.gms:play-services-measurement:17.0.0] AndroidManifest.xml:47:13-37
98        <service
98-->[com.google.android.gms:play-services-measurement:17.0.0] AndroidManifest.xml:48:9-52:72
99            android:name="com.google.android.gms.measurement.AppMeasurementJobService"
99-->[com.google.android.gms:play-services-measurement:17.0.0] AndroidManifest.xml:49:13-87
100            android:enabled="true"
100-->[com.google.android.gms:play-services-measurement:17.0.0] AndroidManifest.xml:50:13-35
101            android:exported="false"
101-->[com.google.android.gms:play-services-measurement:17.0.0] AndroidManifest.xml:51:13-37
102            android:permission="android.permission.BIND_JOB_SERVICE" />
102-->[com.google.android.gms:play-services-measurement:17.0.0] AndroidManifest.xml:52:13-69
103
104        <meta-data
104-->[com.google.android.gms:play-services-basement:17.0.0] AndroidManifest.xml:23:9-25:69
105            android:name="com.google.android.gms.version"
105-->[com.google.android.gms:play-services-basement:17.0.0] AndroidManifest.xml:24:13-58
106            android:value="@integer/google_play_services_version" />
106-->[com.google.android.gms:play-services-basement:17.0.0] AndroidManifest.xml:25:13-66
107    </application>
108
109</manifest>